{"/Users/machd/Desktop/Practice/Demo/Park.tsx": {"path":"/Users/machd/Desktop/Practice/Demo/Park.tsx","statementMap":{"0":{"start":{"line":28,"column":34},"end":{"line":28,"column":49}},"1":{"start":{"line":29,"column":20},"end":{"line":29,"column":56}},"2":{"start":{"line":30,"column":26},"end":{"line":30,"column":38}},"3":{"start":{"line":31,"column":42},"end":{"line":31,"column":57}},"4":{"start":{"line":32,"column":30},"end":{"line":32,"column":40}},"5":{"start":{"line":33,"column":38},"end":{"line":33,"column":50}},"6":{"start":{"line":34,"column":32},"end":{"line":34,"column":47}},"7":{"start":{"line":35,"column":30},"end":{"line":35,"column":45}},"8":{"start":{"line":36,"column":40},"end":{"line":36,"column":52}},"9":{"start":{"line":37,"column":47},"end":{"line":37,"column":62}},"10":{"start":{"line":38,"column":32},"end":{"line":38,"column":44}},"11":{"start":{"line":40,"column":2},"end":{"line":42,"column":9}},"12":{"start":{"line":41,"column":4},"end":{"line":41,"column":27}},"13":{"start":{"line":44,"column":29},"end":{"line":54,"column":3}},"14":{"start":{"line":45,"column":4},"end":{"line":52,"column":5}},"15":{"start":{"line":46,"column":6},"end":{"line":50,"column":8}},"16":{"start":{"line":51,"column":6},"end":{"line":51,"column":13}},"17":{"start":{"line":53,"column":4},"end":{"line":53,"column":16}},"18":{"start":{"line":56,"column":30},"end":{"line":61,"column":3}},"19":{"start":{"line":60,"column":4},"end":{"line":60,"column":20}},"20":{"start":{"line":64,"column":17},"end":{"line":64,"column":19}},"21":{"start":{"line":65,"column":4},"end":{"line":67,"column":5}},"22":{"start":{"line":65,"column":17},"end":{"line":65,"column":18}},"23":{"start":{"line":66,"column":6},"end":{"line":66,"column":20}},"24":{"start":{"line":68,"column":4},"end":{"line":68,"column":15}},"25":{"start":{"line":69,"column":4},"end":{"line":69,"column":19}},"26":{"start":{"line":70,"column":4},"end":{"line":70,"column":13}},"27":{"start":{"line":74,"column":15},"end":{"line":74,"column":16}},"28":{"start":{"line":75,"column":4},"end":{"line":75,"column":39}},"29":{"start":{"line":77,"column":4},"end":{"line":87,"column":7}},"30":{"start":{"line":78,"column":6},"end":{"line":86,"column":7}},"31":{"start":{"line":79,"column":24},"end":{"line":79,"column":54}},"32":{"start":{"line":80,"column":8},"end":{"line":84,"column":9}},"33":{"start":{"line":81,"column":10},"end":{"line":81,"column":20}},"34":{"start":{"line":83,"column":10},"end":{"line":83,"column":32}},"35":{"start":{"line":85,"column":8},"end":{"line":85,"column":49}},"36":{"start":{"line":88,"column":4},"end":{"line":88,"column":23}},"37":{"start":{"line":92,"column":16},"end":{"line":92,"column":29}},"38":{"start":{"line":93,"column":16},"end":{"line":93,"column":37}},"39":{"start":{"line":94,"column":17},"end":{"line":94,"column":40}},"40":{"start":{"line":95,"column":4},"end":{"line":95,"column":18}},"41":{"start":{"line":99,"column":18},"end":{"line":99,"column":20}},"42":{"start":{"line":100,"column":4},"end":{"line":102,"column":5}},"43":{"start":{"line":100,"column":17},"end":{"line":100,"column":22}},"44":{"start":{"line":101,"column":6},"end":{"line":101,"column":22}},"45":{"start":{"line":103,"column":4},"end":{"line":103,"column":33}},"46":{"start":{"line":104,"column":4},"end":{"line":104,"column":19}},"47":{"start":{"line":108,"column":4},"end":{"line":108,"column":41}},"48":{"start":{"line":109,"column":4},"end":{"line":109,"column":30}},"49":{"start":{"line":111,"column":16},"end":{"line":111,"column":24}},"50":{"start":{"line":113,"column":4},"end":{"line":115,"column":5}},"51":{"start":{"line":113,"column":34},"end":{"line":113,"column":48}},"52":{"start":{"line":114,"column":6},"end":{"line":114,"column":25}},"53":{"start":{"line":116,"column":21},"end":{"line":116,"column":74}},"54":{"start":{"line":117,"column":4},"end":{"line":124,"column":5}},"55":{"start":{"line":118,"column":6},"end":{"line":123,"column":8}},"56":{"start":{"line":125,"column":4},"end":{"line":125,"column":23}},"57":{"start":{"line":126,"column":4},"end":{"line":126,"column":20}},"58":{"start":{"line":127,"column":4},"end":{"line":127,"column":35}},"59":{"start":{"line":131,"column":4},"end":{"line":131,"column":41}},"60":{"start":{"line":132,"column":14},"end":{"line":132,"column":22}},"61":{"start":{"line":134,"column":4},"end":{"line":136,"column":5}},"62":{"start":{"line":134,"column":34},"end":{"line":134,"column":48}},"63":{"start":{"line":135,"column":6},"end":{"line":135,"column":25}},"64":{"start":{"line":137,"column":4},"end":{"line":141,"column":7}},"65":{"start":{"line":138,"column":6},"end":{"line":140,"column":7}},"66":{"start":{"line":139,"column":8},"end":{"line":139,"column":57}},"67":{"start":{"line":142,"column":4},"end":{"line":142,"column":22}},"68":{"start":{"line":143,"column":4},"end":{"line":143,"column":32}},"69":{"start":{"line":144,"column":4},"end":{"line":144,"column":27}},"70":{"start":{"line":148,"column":27},"end":{"line":148,"column":70}},"71":{"start":{"line":148,"column":51},"end":{"line":148,"column":62}},"72":{"start":{"line":149,"column":4},"end":{"line":149,"column":62}},"73":{"start":{"line":150,"column":4},"end":{"line":150,"column":26}},"74":{"start":{"line":154,"column":4},"end":{"line":154,"column":32}},"75":{"start":{"line":157,"column":24},"end":{"line":178,"column":3}},"76":{"start":{"line":158,"column":4},"end":{"line":158,"column":28}},"77":{"start":{"line":159,"column":4},"end":{"line":159,"column":20}},"78":{"start":{"line":160,"column":4},"end":{"line":177,"column":5}},"79":{"start":{"line":161,"column":23},"end":{"line":170,"column":8}},"80":{"start":{"line":172,"column":6},"end":{"line":172,"column":23}},"81":{"start":{"line":173,"column":6},"end":{"line":173,"column":23}},"82":{"start":{"line":175,"column":6},"end":{"line":175,"column":24}},"83":{"start":{"line":176,"column":6},"end":{"line":176,"column":25}},"84":{"start":{"line":183,"column":14},"end":{"line":183,"column":22}},"85":{"start":{"line":184,"column":4},"end":{"line":188,"column":7}},"86":{"start":{"line":185,"column":6},"end":{"line":187,"column":7}},"87":{"start":{"line":186,"column":8},"end":{"line":186,"column":47}},"88":{"start":{"line":190,"column":4},"end":{"line":190,"column":22}},"89":{"start":{"line":192,"column":4},"end":{"line":192,"column":31}},"90":{"start":{"line":194,"column":4},"end":{"line":198,"column":7}},"91":{"start":{"line":195,"column":6},"end":{"line":197,"column":7}},"92":{"start":{"line":196,"column":8},"end":{"line":196,"column":25}},"93":{"start":{"line":199,"column":4},"end":{"line":199,"column":31}},"94":{"start":{"line":202,"column":2},"end":{"line":350,"column":4}},"95":{"start":{"line":215,"column":10},"end":{"line":215,"column":35}},"96":{"start":{"line":225,"column":10},"end":{"line":246,"column":12}},"97":{"start":{"line":229,"column":16},"end":{"line":232,"column":17}},"98":{"start":{"line":230,"column":18},"end":{"line":230,"column":40}},"99":{"start":{"line":231,"column":18},"end":{"line":231,"column":45}},"100":{"start":{"line":233,"column":16},"end":{"line":233,"column":36}},"101":{"start":{"line":256,"column":20},"end":{"line":256,"column":43}},"102":{"start":{"line":294,"column":20},"end":{"line":294,"column":36}},"103":{"start":{"line":305,"column":18},"end":{"line":305,"column":39}},"104":{"start":{"line":306,"column":18},"end":{"line":306,"column":36}},"105":{"start":{"line":329,"column":18},"end":{"line":329,"column":36}},"106":{"start":{"line":339,"column":18},"end":{"line":339,"column":60}},"107":{"start":{"line":353,"column":15},"end":{"line":509,"column":2}}},"fnMap":{"0":{"name":"Park","decl":{"start":{"line":27,"column":24},"end":{"line":27,"column":28}},"loc":{"start":{"line":27,"column":43},"end":{"line":351,"column":1}},"line":27},"1":{"name":"(anonymous_1)","decl":{"start":{"line":40,"column":12},"end":{"line":40,"column":13}},"loc":{"start":{"line":40,"column":18},"end":{"line":42,"column":3}},"line":40},"2":{"name":"(anonymous_2)","decl":{"start":{"line":44,"column":29},"end":{"line":44,"column":30}},"loc":{"start":{"line":44,"column":45},"end":{"line":54,"column":3}},"line":44},"3":{"name":"(anonymous_3)","decl":{"start":{"line":56,"column":30},"end":{"line":56,"column":31}},"loc":{"start":{"line":56,"column":36},"end":{"line":61,"column":3}},"line":56},"4":{"name":"createSlots","decl":{"start":{"line":63,"column":11},"end":{"line":63,"column":22}},"loc":{"start":{"line":63,"column":35},"end":{"line":71,"column":3}},"line":63},"5":{"name":"calculateCharges","decl":{"start":{"line":73,"column":11},"end":{"line":73,"column":27}},"loc":{"start":{"line":73,"column":45},"end":{"line":89,"column":3}},"line":73},"6":{"name":"(anonymous_6)","decl":{"start":{"line":77,"column":12},"end":{"line":77,"column":13}},"loc":{"start":{"line":77,"column":32},"end":{"line":87,"column":5}},"line":77},"7":{"name":"getRandomNumber","decl":{"start":{"line":91,"column":11},"end":{"line":91,"column":26}},"loc":{"start":{"line":91,"column":37},"end":{"line":96,"column":3}},"line":91},"8":{"name":"createArrayOfNumbers","decl":{"start":{"line":98,"column":11},"end":{"line":98,"column":31}},"loc":{"start":{"line":98,"column":44},"end":{"line":105,"column":3}},"line":98},"9":{"name":"park","decl":{"start":{"line":107,"column":11},"end":{"line":107,"column":15}},"loc":{"start":{"line":107,"column":28},"end":{"line":128,"column":3}},"line":107},"10":{"name":"(anonymous_10)","decl":{"start":{"line":113,"column":19},"end":{"line":113,"column":20}},"loc":{"start":{"line":113,"column":34},"end":{"line":113,"column":48}},"line":113},"11":{"name":"remove","decl":{"start":{"line":130,"column":11},"end":{"line":130,"column":17}},"loc":{"start":{"line":130,"column":40},"end":{"line":145,"column":3}},"line":130},"12":{"name":"(anonymous_12)","decl":{"start":{"line":134,"column":19},"end":{"line":134,"column":20}},"loc":{"start":{"line":134,"column":34},"end":{"line":134,"column":48}},"line":134},"13":{"name":"(anonymous_13)","decl":{"start":{"line":137,"column":12},"end":{"line":137,"column":13}},"loc":{"start":{"line":137,"column":32},"end":{"line":141,"column":5}},"line":137},"14":{"name":"getAvailable","decl":{"start":{"line":147,"column":11},"end":{"line":147,"column":23}},"loc":{"start":{"line":147,"column":26},"end":{"line":151,"column":3}},"line":147},"15":{"name":"(anonymous_15)","decl":{"start":{"line":148,"column":39},"end":{"line":148,"column":40}},"loc":{"start":{"line":148,"column":51},"end":{"line":148,"column":62}},"line":148},"16":{"name":"isFull","decl":{"start":{"line":153,"column":11},"end":{"line":153,"column":17}},"loc":{"start":{"line":153,"column":20},"end":{"line":155,"column":3}},"line":153},"17":{"name":"(anonymous_17)","decl":{"start":{"line":157,"column":24},"end":{"line":157,"column":25}},"loc":{"start":{"line":157,"column":36},"end":{"line":178,"column":3}},"line":157},"18":{"name":"addEndtime","decl":{"start":{"line":182,"column":11},"end":{"line":182,"column":21}},"loc":{"start":{"line":182,"column":39},"end":{"line":200,"column":3}},"line":182},"19":{"name":"(anonymous_19)","decl":{"start":{"line":184,"column":12},"end":{"line":184,"column":13}},"loc":{"start":{"line":184,"column":30},"end":{"line":188,"column":5}},"line":184},"20":{"name":"(anonymous_20)","decl":{"start":{"line":194,"column":13},"end":{"line":194,"column":14}},"loc":{"start":{"line":194,"column":23},"end":{"line":198,"column":5}},"line":194},"21":{"name":"(anonymous_21)","decl":{"start":{"line":214,"column":17},"end":{"line":214,"column":18}},"loc":{"start":{"line":214,"column":23},"end":{"line":216,"column":9}},"line":214},"22":{"name":"(anonymous_22)","decl":{"start":{"line":224,"column":20},"end":{"line":224,"column":21}},"loc":{"start":{"line":224,"column":39},"end":{"line":247,"column":9}},"line":224},"23":{"name":"(anonymous_23)","decl":{"start":{"line":228,"column":23},"end":{"line":228,"column":24}},"loc":{"start":{"line":228,"column":29},"end":{"line":235,"column":15}},"line":228},"24":{"name":"(anonymous_24)","decl":{"start":{"line":255,"column":27},"end":{"line":255,"column":28}},"loc":{"start":{"line":255,"column":33},"end":{"line":257,"column":19}},"line":255},"25":{"name":"(anonymous_25)","decl":{"start":{"line":293,"column":27},"end":{"line":293,"column":28}},"loc":{"start":{"line":293,"column":33},"end":{"line":295,"column":19}},"line":293},"26":{"name":"(anonymous_26)","decl":{"start":{"line":304,"column":25},"end":{"line":304,"column":26}},"loc":{"start":{"line":304,"column":31},"end":{"line":307,"column":17}},"line":304},"27":{"name":"(anonymous_27)","decl":{"start":{"line":328,"column":30},"end":{"line":328,"column":31}},"loc":{"start":{"line":328,"column":45},"end":{"line":331,"column":17}},"line":328},"28":{"name":"(anonymous_28)","decl":{"start":{"line":338,"column":26},"end":{"line":338,"column":27}},"loc":{"start":{"line":338,"column":32},"end":{"line":340,"column":17}},"line":338}},"branchMap":{"0":{"loc":{"start":{"line":45,"column":4},"end":{"line":52,"column":5}},"type":"if","locations":[{"start":{"line":45,"column":4},"end":{"line":52,"column":5}},{"start":{},"end":{}}],"line":45},"1":{"loc":{"start":{"line":78,"column":6},"end":{"line":86,"column":7}},"type":"if","locations":[{"start":{"line":78,"column":6},"end":{"line":86,"column":7}},{"start":{},"end":{}}],"line":78},"2":{"loc":{"start":{"line":80,"column":8},"end":{"line":84,"column":9}},"type":"if","locations":[{"start":{"line":80,"column":8},"end":{"line":84,"column":9}},{"start":{"line":82,"column":15},"end":{"line":84,"column":9}}],"line":80},"3":{"loc":{"start":{"line":113,"column":4},"end":{"line":115,"column":5}},"type":"if","locations":[{"start":{"line":113,"column":4},"end":{"line":115,"column":5}},{"start":{},"end":{}}],"line":113},"4":{"loc":{"start":{"line":117,"column":4},"end":{"line":124,"column":5}},"type":"if","locations":[{"start":{"line":117,"column":4},"end":{"line":124,"column":5}},{"start":{},"end":{}}],"line":117},"5":{"loc":{"start":{"line":134,"column":4},"end":{"line":136,"column":5}},"type":"if","locations":[{"start":{"line":134,"column":4},"end":{"line":136,"column":5}},{"start":{},"end":{}}],"line":134},"6":{"loc":{"start":{"line":138,"column":6},"end":{"line":140,"column":7}},"type":"if","locations":[{"start":{"line":138,"column":6},"end":{"line":140,"column":7}},{"start":{},"end":{}}],"line":138},"7":{"loc":{"start":{"line":185,"column":6},"end":{"line":187,"column":7}},"type":"if","locations":[{"start":{"line":185,"column":6},"end":{"line":187,"column":7}},{"start":{},"end":{}}],"line":185},"8":{"loc":{"start":{"line":195,"column":6},"end":{"line":197,"column":7}},"type":"if","locations":[{"start":{"line":195,"column":6},"end":{"line":197,"column":7}},{"start":{},"end":{}}],"line":195},"9":{"loc":{"start":{"line":229,"column":16},"end":{"line":232,"column":17}},"type":"if","locations":[{"start":{"line":229,"column":16},"end":{"line":232,"column":17}},{"start":{},"end":{}}],"line":229},"10":{"loc":{"start":{"line":238,"column":34},"end":{"line":238,"column":63}},"type":"cond-expr","locations":[{"start":{"line":238,"column":46},"end":{"line":238,"column":51}},{"start":{"line":238,"column":54},"end":{"line":238,"column":63}}],"line":238},"11":{"loc":{"start":{"line":240,"column":15},"end":{"line":244,"column":15}},"type":"cond-expr","locations":[{"start":{"line":241,"column":16},"end":{"line":241,"column":61}},{"start":{"line":243,"column":16},"end":{"line":243,"column":62}}],"line":240},"12":{"loc":{"start":{"line":277,"column":15},"end":{"line":287,"column":15}},"type":"cond-expr","locations":[{"start":{"line":278,"column":16},"end":{"line":282,"column":18}},{"start":{"line":283,"column":18},"end":{"line":287,"column":15}}],"line":277},"13":{"loc":{"start":{"line":283,"column":18},"end":{"line":287,"column":15}},"type":"cond-expr","locations":[{"start":{"line":284,"column":16},"end":{"line":284,"column":73}},{"start":{"line":286,"column":16},"end":{"line":286,"column":67}}],"line":283},"14":{"loc":{"start":{"line":290,"column":15},"end":{"line":299,"column":15}},"type":"cond-expr","locations":[{"start":{"line":290,"column":25},"end":{"line":290,"column":29}},{"start":{"line":291,"column":16},"end":{"line":298,"column":35}}],"line":290},"15":{"loc":{"start":{"line":308,"column":53},"end":{"line":308,"column":70}},"type":"cond-expr","locations":[{"start":{"line":308,"column":63},"end":{"line":308,"column":64}},{"start":{"line":308,"column":67},"end":{"line":308,"column":70}}],"line":308}},"s":{"0":24,"1":24,"2":24,"3":24,"4":24,"5":24,"6":24,"7":24,"8":24,"9":24,"10":24,"11":24,"12":9,"13":24,"14":1,"15":0,"16":0,"17":1,"18":24,"19":1,"20":9,"21":9,"22":9,"23":36,"24":9,"25":9,"26":9,"27":0,"28":0,"29":0,"30":0,"31":0,"32":0,"33":0,"34":0,"35":0,"36":0,"37":0,"38":0,"39":0,"40":0,"41":0,"42":0,"43":0,"44":0,"45":0,"46":0,"47":1,"48":1,"49":1,"50":1,"51":1,"52":0,"53":1,"54":1,"55":1,"56":1,"57":1,"58":1,"59":0,"60":0,"61":0,"62":0,"63":0,"64":0,"65":0,"66":0,"67":0,"68":0,"69":0,"70":1,"71":4,"72":1,"73":1,"74":1,"75":24,"76":0,"77":0,"78":0,"79":0,"80":0,"81":0,"82":0,"83":0,"84":0,"85":0,"86":0,"87":0,"88":0,"89":0,"90":0,"91":0,"92":0,"93":0,"94":24,"95":3,"96":56,"97":1,"98":0,"99":0,"100":1,"101":0,"102":0,"103":0,"104":0,"105":1,"106":1,"107":1},"f":{"0":24,"1":9,"2":1,"3":1,"4":9,"5":0,"6":0,"7":0,"8":0,"9":1,"10":1,"11":0,"12":0,"13":0,"14":1,"15":4,"16":1,"17":0,"18":0,"19":0,"20":0,"21":3,"22":56,"23":1,"24":0,"25":0,"26":0,"27":1,"28":1},"b":{"0":[0,1],"1":[0,0],"2":[0,0],"3":[0,1],"4":[1,0],"5":[0,0],"6":[0,0],"7":[0,0],"8":[0,0],"9":[0,1],"10":[1,55],"11":[1,55],"12":[0,24],"13":[0,24],"14":[0,24],"15":[0,24]},"_coverageSchema":"1a1c01bbd47fc00a2c39e90264f33305004495a9","hash":"b90ad53780a395d0eb0139f3121fc4d200d2a242"}
,"/Users/machd/Desktop/Practice/Demo/Class/Screens/Main.tsx": {"path":"/Users/machd/Desktop/Practice/Demo/Class/Screens/Main.tsx","statementMap":{"0":{"start":{"line":19,"column":8},"end":{"line":19,"column":21}},"1":{"start":{"line":20,"column":7},"end":{"line":22,"column":8}},"2":{"start":{"line":26,"column":4},"end":{"line":57,"column":5}},"3":{"start":{"line":32,"column":12},"end":{"line":32,"column":38}},"4":{"start":{"line":45,"column":12},"end":{"line":50,"column":13}},"5":{"start":{"line":46,"column":14},"end":{"line":49,"column":17}},"6":{"start":{"line":61,"column":15},"end":{"line":99,"column":2}}},"fnMap":{"0":{"name":"(anonymous_0)","decl":{"start":{"line":18,"column":4},"end":{"line":18,"column":5}},"loc":{"start":{"line":18,"column":30},"end":{"line":23,"column":7}},"line":18},"1":{"name":"(anonymous_1)","decl":{"start":{"line":25,"column":2},"end":{"line":25,"column":3}},"loc":{"start":{"line":25,"column":11},"end":{"line":58,"column":3}},"line":25},"2":{"name":"(anonymous_2)","decl":{"start":{"line":31,"column":24},"end":{"line":31,"column":25}},"loc":{"start":{"line":31,"column":39},"end":{"line":33,"column":11}},"line":31},"3":{"name":"(anonymous_3)","decl":{"start":{"line":44,"column":19},"end":{"line":44,"column":20}},"loc":{"start":{"line":44,"column":25},"end":{"line":52,"column":11}},"line":44}},"branchMap":{"0":{"loc":{"start":{"line":45,"column":12},"end":{"line":50,"column":13}},"type":"if","locations":[{"start":{"line":45,"column":12},"end":{"line":50,"column":13}},{"start":{},"end":{}}],"line":45}},"s":{"0":4,"1":4,"2":6,"3":2,"4":1,"5":0,"6":1},"f":{"0":4,"1":6,"2":2,"3":1},"b":{"0":[0,1]},"_coverageSchema":"1a1c01bbd47fc00a2c39e90264f33305004495a9","hash":"c14fe5ba6d607953a2e5178d234049496b1aee28"}
}
