TN:
SF:Park.tsx
FN:27,Park
FN:40,(anonymous_1)
FN:44,(anonymous_2)
FN:56,(anonymous_3)
FN:63,createSlots
FN:73,calculateCharges
FN:77,(anonymous_6)
FN:91,getRandomNumber
FN:98,createArrayOfNumbers
FN:107,park
FN:113,(anonymous_10)
FN:130,remove
FN:134,(anonymous_12)
FN:137,(anonymous_13)
FN:147,getAvailable
FN:148,(anonymous_15)
FN:153,isFull
FN:157,(anonymous_17)
FN:182,addEndtime
FN:184,(anonymous_19)
FN:194,(anonymous_20)
FN:214,(anonymous_21)
FN:224,(anonymous_22)
FN:228,(anonymous_23)
FN:255,(anonymous_24)
FN:293,(anonymous_25)
FN:304,(anonymous_26)
FN:328,(anonymous_27)
FN:338,(anonymous_28)
FNF:29
FNH:15
FNDA:24,Park
FNDA:9,(anonymous_1)
FNDA:1,(anonymous_2)
FNDA:1,(anonymous_3)
FNDA:9,createSlots
FNDA:0,calculateCharges
FNDA:0,(anonymous_6)
FNDA:0,getRandomNumber
FNDA:0,createArrayOfNumbers
FNDA:1,park
FNDA:1,(anonymous_10)
FNDA:0,remove
FNDA:0,(anonymous_12)
FNDA:0,(anonymous_13)
FNDA:1,getAvailable
FNDA:4,(anonymous_15)
FNDA:1,isFull
FNDA:0,(anonymous_17)
FNDA:0,addEndtime
FNDA:0,(anonymous_19)
FNDA:0,(anonymous_20)
FNDA:3,(anonymous_21)
FNDA:56,(anonymous_22)
FNDA:1,(anonymous_23)
FNDA:0,(anonymous_24)
FNDA:0,(anonymous_25)
FNDA:0,(anonymous_26)
FNDA:1,(anonymous_27)
FNDA:1,(anonymous_28)
DA:28,24
DA:29,24
DA:30,24
DA:31,24
DA:32,24
DA:33,24
DA:34,24
DA:35,24
DA:36,24
DA:37,24
DA:38,24
DA:40,24
DA:41,9
DA:44,24
DA:45,1
DA:46,0
DA:51,0
DA:53,1
DA:56,24
DA:60,1
DA:64,9
DA:65,9
DA:66,36
DA:68,9
DA:69,9
DA:70,9
DA:74,0
DA:75,0
DA:77,0
DA:78,0
DA:79,0
DA:80,0
DA:81,0
DA:83,0
DA:85,0
DA:88,0
DA:92,0
DA:93,0
DA:94,0
DA:95,0
DA:99,0
DA:100,0
DA:101,0
DA:103,0
DA:104,0
DA:108,1
DA:109,1
DA:111,1
DA:113,1
DA:114,0
DA:116,1
DA:117,1
DA:118,1
DA:125,1
DA:126,1
DA:127,1
DA:131,0
DA:132,0
DA:134,0
DA:135,0
DA:137,0
DA:138,0
DA:139,0
DA:142,0
DA:143,0
DA:144,0
DA:148,4
DA:149,1
DA:150,1
DA:154,1
DA:157,24
DA:158,0
DA:159,0
DA:160,0
DA:161,0
DA:172,0
DA:173,0
DA:175,0
DA:176,0
DA:183,0
DA:184,0
DA:185,0
DA:186,0
DA:190,0
DA:192,0
DA:194,0
DA:195,0
DA:196,0
DA:199,0
DA:202,24
DA:215,3
DA:225,56
DA:229,1
DA:230,0
DA:231,0
DA:233,1
DA:256,0
DA:294,0
DA:305,0
DA:306,0
DA:329,1
DA:339,1
DA:353,1
LF:103
LH:47
BRDA:45,0,0,0
BRDA:45,0,1,1
BRDA:78,1,0,0
BRDA:78,1,1,0
BRDA:80,2,0,0
BRDA:80,2,1,0
BRDA:113,3,0,0
BRDA:113,3,1,1
BRDA:117,4,0,1
BRDA:117,4,1,0
BRDA:134,5,0,0
BRDA:134,5,1,0
BRDA:138,6,0,0
BRDA:138,6,1,0
BRDA:185,7,0,0
BRDA:185,7,1,0
BRDA:195,8,0,0
BRDA:195,8,1,0
BRDA:229,9,0,0
BRDA:229,9,1,1
BRDA:238,10,0,1
BRDA:238,10,1,55
BRDA:240,11,0,1
BRDA:240,11,1,55
BRDA:277,12,0,0
BRDA:277,12,1,24
BRDA:283,13,0,0
BRDA:283,13,1,24
BRDA:290,14,0,0
BRDA:290,14,1,24
BRDA:308,15,0,0
BRDA:308,15,1,24
BRF:32
BRH:12
end_of_record
TN:
SF:Class/Screens/Main.tsx
FN:18,(anonymous_0)
FN:25,(anonymous_1)
FN:31,(anonymous_2)
FN:44,(anonymous_3)
FNF:4
FNH:4
FNDA:4,(anonymous_0)
FNDA:6,(anonymous_1)
FNDA:2,(anonymous_2)
FNDA:1,(anonymous_3)
DA:19,4
DA:20,4
DA:26,6
DA:32,2
DA:45,1
DA:46,0
DA:61,1
LF:7
LH:6
BRDA:45,0,0,0
BRDA:45,0,1,1
BRF:2
BRH:1
end_of_record
